<?xml version="1.0" encoding="UTF-8" ?>
<testsuites>
  <testsuite errors="0" failures="0" hostname="127.0.0.1" id="0" name="" package="mxunit-jenkins.tests" tests="14" time="0.665" timestamp="04/24/13 4:25:41 PM">
    <properties>
[...]
</properties>
    <testcase classname="mxunit-jenkins.tests.mockTest" name="funcaoCExecutaFuncaoATest" time="0.003" />
    <testcase classname="mxunit-jenkins.tests.mockTest" name="functionG3ArgumentosDeveRetornarBARComDebugTest" time="0.065" />
    <testcase classname="mxunit-jenkins.tests.mockTest" name="functionCDeveRetornarBTest" time="0.002" />
    <testcase classname="mxunit-jenkins.tests.mockTest" name="functionDDeveRetornarAComMockTest" time="0.059" />
    <testcase classname="mxunit-jenkins.tests.mockTest" name="functionBDeveRetornarBTest" time="0.002" />
    <testcase classname="mxunit-jenkins.tests.mockTest" name="functionEDeveRetornarAtracoAComMockTest" time="0.084" />
    <testcase classname="mxunit-jenkins.tests.mockTest" name="functionFPrivateDeveRetornarFooTest" time="0.026" />
    <testcase classname="mxunit-jenkins.tests.mockTest" name="functionG3ArgumentosDeveRetornarFOOTest" time="0.075" />
    <testcase classname="mxunit-jenkins.tests.mockTest" name="functionDDeveRetornarDTest" time="0.264" />
    <testcase classname="mxunit-jenkins.tests.mockTest" name="functionHRecebeUmArrayERetornaTrue2Test" time="0.003" />
    <testcase classname="mxunit-jenkins.tests.mockTest" name="functionG3ArgumentosDeveRetornarBARTest" time="0.047" />
    <testcase classname="mxunit-jenkins.tests.mockTest" name="functionADeveRetornarATest" time="0.002" />
    <testcase classname="mxunit-jenkins.tests.mockTest" name="failTest" time="0.002" />
    <testcase classname="mxunit-jenkins.tests.mockTest" name="functionHRecebeUmArrayERetornaTrueTest" time="0.003" />
  </testsuite>
</testsuites>
